<?xml version="1.0" encoding="UTF-8" ?>
<testsuite failures="0" time="0" errors="0" skipped="0" tests="6" name="com.mgt.mycity.domain.RestaurentTest">
  <properties>
[...]
</properties>
  <testcase time="0" classname="com.mgt.mycity.domain.RestaurentTest" name="newInstanceHasNoPrimaryKey"/>
  <testcase time="0" classname="com.mgt.mycity.domain.RestaurentTest" name="isPrimaryKeySetReturnsTrue"/>
  <testcase time="0" classname="com.mgt.mycity.domain.RestaurentTest" name="toStringNotNull"/>
  <testcase time="0" classname="com.mgt.mycity.domain.RestaurentTest" name="equalsUsingPk"/>
  <testcase time="0" classname="com.mgt.mycity.domain.RestaurentTest" name="manyToOne_setPhoto"/>
  <testcase time="0" classname="com.mgt.mycity.domain.RestaurentTest" name="manyToMany_addCategory"/>
</testsuite>